<?xml version="1.0" encoding="UTF-8"?>
<!-- Generated by org.testng.reporters.JUnitReportReporter -->
<testsuite hostname="DESKTOP-LILGFAK" failures="0" tests="1" name="subham.ZAPSecurityTest" time="7.755" errors="0" timestamp="2023-06-06T22:43:32 IST" skipped="0">
  <testcase classname="subham.ZAPSecurityTest" name="holoworldSecurityTest" time="7.755"/>
  <system-out/>
</testsuite> <!-- subham.ZAPSecurityTest -->
